[2025-01-06 08:23:20Z INFO HostContext] No proxy settings were found based on environmental variables (http_proxy/https_proxy/HTTP_PROXY/HTTPS_PROXY)
[2025-01-06 08:23:20Z INFO HostContext] Well known directory 'Bin': '/home/ayamatani/aesd-assignments/actions-runner/bin'
[2025-01-06 08:23:20Z INFO HostContext] Well known directory 'Root': '/home/ayamatani/aesd-assignments/actions-runner'
[2025-01-06 08:23:20Z INFO HostContext] Well known config file 'Credentials': '/home/ayamatani/aesd-assignments/actions-runner/.credentials'
[2025-01-06 08:23:20Z INFO HostContext] Well known directory 'Bin': '/home/ayamatani/aesd-assignments/actions-runner/bin'
[2025-01-06 08:23:20Z INFO HostContext] Well known directory 'Root': '/home/ayamatani/aesd-assignments/actions-runner'
[2025-01-06 08:23:20Z INFO HostContext] Well known config file 'Runner': '/home/ayamatani/aesd-assignments/actions-runner/.runner'
[2025-01-06 08:23:20Z INFO Listener] Runner is built for Linux (X64) - linux-x64.
[2025-01-06 08:23:20Z INFO Listener] RuntimeInformation: Ubuntu 22.04.5 LTS.
[2025-01-06 08:23:20Z INFO Listener] Version: 2.321.0
[2025-01-06 08:23:20Z INFO Listener] Commit: e249007931b7c8e857797fa259c167f0bd4f997a
[2025-01-06 08:23:20Z INFO Listener] Culture: en-US
[2025-01-06 08:23:20Z INFO Listener] UI Culture: en-US
[2025-01-06 08:23:20Z INFO HostContext] Well known directory 'Bin': '/home/ayamatani/aesd-assignments/actions-runner/bin'
[2025-01-06 08:23:20Z INFO HostContext] Well known directory 'Root': '/home/ayamatani/aesd-assignments/actions-runner'
[2025-01-06 08:23:20Z INFO Listener] Validating directory permissions for: '/home/ayamatani/aesd-assignments/actions-runner'
[2025-01-06 08:23:20Z INFO CommandLineParser] Parse
[2025-01-06 08:23:20Z INFO CommandLineParser] Parsing 1 args
[2025-01-06 08:23:20Z INFO CommandLineParser] parsing argument
[2025-01-06 08:23:20Z INFO CommandLineParser] HasArgs: False
[2025-01-06 08:23:20Z INFO CommandLineParser] Adding Command: run
[2025-01-06 08:23:20Z INFO Listener] Arguments parsed
[2025-01-06 08:23:20Z INFO Runner] ExecuteCommand
[2025-01-06 08:23:20Z INFO ConfigurationStore] currentAssemblyLocation: /home/ayamatani/aesd-assignments/actions-runner/bin/Runner.Listener.dll
[2025-01-06 08:23:20Z INFO HostContext] Well known directory 'Bin': '/home/ayamatani/aesd-assignments/actions-runner/bin'
[2025-01-06 08:23:20Z INFO ConfigurationStore] binPath: /home/ayamatani/aesd-assignments/actions-runner/bin
[2025-01-06 08:23:20Z INFO HostContext] Well known directory 'Bin': '/home/ayamatani/aesd-assignments/actions-runner/bin'
[2025-01-06 08:23:20Z INFO HostContext] Well known directory 'Root': '/home/ayamatani/aesd-assignments/actions-runner'
[2025-01-06 08:23:20Z INFO ConfigurationStore] RootFolder: /home/ayamatani/aesd-assignments/actions-runner
[2025-01-06 08:23:20Z INFO HostContext] Well known directory 'Bin': '/home/ayamatani/aesd-assignments/actions-runner/bin'
[2025-01-06 08:23:20Z INFO HostContext] Well known directory 'Root': '/home/ayamatani/aesd-assignments/actions-runner'
[2025-01-06 08:23:20Z INFO HostContext] Well known config file 'Runner': '/home/ayamatani/aesd-assignments/actions-runner/.runner'
[2025-01-06 08:23:20Z INFO ConfigurationStore] ConfigFilePath: /home/ayamatani/aesd-assignments/actions-runner/.runner
[2025-01-06 08:23:20Z INFO HostContext] Well known directory 'Bin': '/home/ayamatani/aesd-assignments/actions-runner/bin'
[2025-01-06 08:23:20Z INFO HostContext] Well known directory 'Root': '/home/ayamatani/aesd-assignments/actions-runner'
[2025-01-06 08:23:20Z INFO HostContext] Well known config file 'Credentials': '/home/ayamatani/aesd-assignments/actions-runner/.credentials'
[2025-01-06 08:23:20Z INFO ConfigurationStore] CredFilePath: /home/ayamatani/aesd-assignments/actions-runner/.credentials
[2025-01-06 08:23:20Z INFO HostContext] Well known directory 'Bin': '/home/ayamatani/aesd-assignments/actions-runner/bin'
[2025-01-06 08:23:20Z INFO HostContext] Well known directory 'Root': '/home/ayamatani/aesd-assignments/actions-runner'
[2025-01-06 08:23:20Z INFO HostContext] Well known config file 'MigratedCredentials': '/home/ayamatani/aesd-assignments/actions-runner/.credentials_migrated'
[2025-01-06 08:23:20Z INFO ConfigurationStore] MigratedCredFilePath: /home/ayamatani/aesd-assignments/actions-runner/.credentials_migrated
[2025-01-06 08:23:20Z INFO HostContext] Well known directory 'Bin': '/home/ayamatani/aesd-assignments/actions-runner/bin'
[2025-01-06 08:23:20Z INFO HostContext] Well known directory 'Root': '/home/ayamatani/aesd-assignments/actions-runner'
[2025-01-06 08:23:20Z INFO HostContext] Well known config file 'Service': '/home/ayamatani/aesd-assignments/actions-runner/.service'
[2025-01-06 08:23:20Z INFO ConfigurationStore] ServiceConfigFilePath: /home/ayamatani/aesd-assignments/actions-runner/.service
[2025-01-06 08:23:20Z INFO CommandSettings] Flag 'help': 'False'
[2025-01-06 08:23:20Z INFO CommandSettings] Flag 'version': 'False'
[2025-01-06 08:23:20Z INFO CommandSettings] Flag 'commit': 'False'
[2025-01-06 08:23:20Z INFO CommandSettings] Flag 'check': 'False'
[2025-01-06 08:23:20Z INFO CommandSettings] Command 'configure': 'False'
[2025-01-06 08:23:20Z INFO CommandSettings] Command 'remove': 'False'
[2025-01-06 08:23:20Z INFO CommandSettings] Command 'warmup': 'False'
[2025-01-06 08:23:20Z INFO ConfigurationManager] LoadSettings
[2025-01-06 08:23:20Z INFO ConfigurationStore] IsConfigured()
[2025-01-06 08:23:20Z INFO ConfigurationStore] IsConfigured: True
[2025-01-06 08:23:20Z INFO ConfigurationManager] Is configured: True
[2025-01-06 08:23:20Z INFO ConfigurationStore] Read setting file: 308 chars
[2025-01-06 08:23:20Z INFO ConfigurationManager] Settings Loaded
[2025-01-06 08:23:20Z INFO ConfigurationStore] IsServiceConfigured()
[2025-01-06 08:23:20Z INFO ConfigurationStore] IsServiceConfigured: False
[2025-01-06 08:23:20Z INFO CommandSettings] Command 'run': 'True'
[2025-01-06 08:23:20Z INFO ConfigurationStore] IsConfigured()
[2025-01-06 08:23:20Z INFO ConfigurationStore] IsConfigured: True
[2025-01-06 08:23:20Z INFO ConfigurationManager] Is configured: True
[2025-01-06 08:23:20Z INFO Runner] Could not parse the argument value '' for StartupType. Defaulting to Manual
[2025-01-06 08:23:20Z INFO Runner] Set runner startup type - Manual
[2025-01-06 08:23:20Z INFO CommandSettings] Flag 'once': 'False'
[2025-01-06 08:23:20Z INFO CommandSettings] Flag 'once': 'False'
[2025-01-06 08:23:20Z INFO Runner] RunAsync
[2025-01-06 08:23:20Z INFO ConfigurationManager] LoadSettings
[2025-01-06 08:23:20Z INFO ConfigurationStore] IsConfigured()
[2025-01-06 08:23:20Z INFO ConfigurationStore] IsConfigured: True
[2025-01-06 08:23:20Z INFO ConfigurationManager] Is configured: True
[2025-01-06 08:23:20Z INFO ConfigurationManager] Settings Loaded
[2025-01-06 08:23:20Z INFO MessageListener] {
  "AgentId": 2,
  "AgentName": "Ubuntu",
  "PoolId": 1,
  "PoolName": "Default",
  "ServerUrl": "https://pipelinesghubeus15.actions.githubusercontent.com/nRa5yFRylbYwft1BmPUQplA35D9lL0gRALwYFou3NECYQHgfx7/",
  "GitHubUrl": "https://github.com/cu-ecen-aeld/assignment-1-ayumunwap",
  "WorkFolder": "_work"
}
[2025-01-06 08:23:20Z INFO MessageListener] Loading Credentials
[2025-01-06 08:23:20Z INFO ConfigurationStore] HasCredentials()
[2025-01-06 08:23:20Z INFO ConfigurationStore] stored True
[2025-01-06 08:23:20Z INFO CredentialManager] GetCredentialProvider
[2025-01-06 08:23:20Z INFO CredentialManager] Creating type OAuth
[2025-01-06 08:23:20Z INFO CredentialManager] Creating credential type: OAuth
[2025-01-06 08:23:20Z INFO HostContext] Well known directory 'Bin': '/home/ayamatani/aesd-assignments/actions-runner/bin'
[2025-01-06 08:23:20Z INFO HostContext] Well known directory 'Root': '/home/ayamatani/aesd-assignments/actions-runner'
[2025-01-06 08:23:20Z INFO HostContext] Well known config file 'RSACredentials': '/home/ayamatani/aesd-assignments/actions-runner/.credentials_rsaparams'
[2025-01-06 08:23:20Z INFO RSAFileKeyManager] Loading RSA key parameters from file /home/ayamatani/aesd-assignments/actions-runner/.credentials_rsaparams
[2025-01-06 08:23:20Z INFO MessageListener] Attempt to create session.
[2025-01-06 08:23:20Z INFO MessageListener] Connecting to the Runner Server...
[2025-01-06 08:23:20Z INFO RunnerServer] EstablishVssConnection
[2025-01-06 08:23:20Z INFO RunnerServer] Establish connection with 100 seconds timeout.
[2025-01-06 08:23:20Z INFO GitHubActionsService] Starting operation Location.GetConnectionData
[2025-01-06 08:23:20Z INFO RunnerServer] EstablishVssConnection
[2025-01-06 08:23:20Z INFO RunnerServer] Establish connection with 60 seconds timeout.
[2025-01-06 08:23:20Z INFO GitHubActionsService] Starting operation Location.GetConnectionData
[2025-01-06 08:23:20Z INFO RunnerServer] EstablishVssConnection
[2025-01-06 08:23:20Z INFO RunnerServer] Establish connection with 60 seconds timeout.
[2025-01-06 08:23:20Z INFO GitHubActionsService] Starting operation Location.GetConnectionData
[2025-01-06 08:23:22Z INFO GitHubActionsService] Finished operation Location.GetConnectionData
[2025-01-06 08:23:22Z INFO GitHubActionsService] Finished operation Location.GetConnectionData
[2025-01-06 08:23:22Z INFO GitHubActionsService] Finished operation Location.GetConnectionData
[2025-01-06 08:23:22Z INFO MessageListener] VssConnection created
[2025-01-06 08:23:22Z INFO Terminal] WRITE LINE: 
[2025-01-06 08:23:22Z INFO Terminal] WRITE LINE: 
[2025-01-06 08:23:22Z INFO RSAFileKeyManager] Loading RSA key parameters from file /home/ayamatani/aesd-assignments/actions-runner/.credentials_rsaparams
[2025-01-06 08:23:22Z INFO RSAFileKeyManager] Loading RSA key parameters from file /home/ayamatani/aesd-assignments/actions-runner/.credentials_rsaparams
[2025-01-06 08:23:23Z INFO GitHubActionsService] AAD Correlation ID for this token request: Unknown
[2025-01-06 08:23:23Z INFO MessageListener] Session created.
[2025-01-06 08:23:23Z INFO Terminal] WRITE LINE: Current runner version: '2.321.0'
[2025-01-06 08:23:23Z INFO Terminal] WRITE LINE: 2025-01-06 08:23:23Z: Listening for Jobs
[2025-01-06 08:23:23Z INFO JobDispatcher] Set runner/worker IPC timeout to 30 seconds.
[2025-01-06 08:23:24Z INFO RSAFileKeyManager] Loading RSA key parameters from file /home/ayamatani/aesd-assignments/actions-runner/.credentials_rsaparams
[2025-01-06 08:23:24Z INFO GitHubActionsService] AAD Correlation ID for this token request: Unknown
[2025-01-06 08:29:24Z INFO MessageListener] Message '418539893775684856' received from session '3bab476a-6984-4d38-a4a9-50739fd01cd9'.
[2025-01-06 08:29:24Z INFO ConfigurationStore] HasCredentials()
[2025-01-06 08:29:24Z INFO ConfigurationStore] stored True
[2025-01-06 08:29:24Z INFO CredentialManager] GetCredentialProvider
[2025-01-06 08:29:24Z INFO CredentialManager] Creating type OAuth
[2025-01-06 08:29:24Z INFO CredentialManager] Creating credential type: OAuth
[2025-01-06 08:29:24Z INFO RSAFileKeyManager] Loading RSA key parameters from file /home/ayamatani/aesd-assignments/actions-runner/.credentials_rsaparams
[2025-01-06 08:29:24Z INFO ActionsRunServer] EstablishVssConnection
[2025-01-06 08:29:24Z INFO ActionsRunServer] Establish connection with 100 seconds timeout.
[2025-01-06 08:29:24Z INFO GitHubActionsService] Starting operation Location.GetConnectionData
[2025-01-06 08:29:25Z INFO GitHubActionsService] Finished operation Location.GetConnectionData
[2025-01-06 08:29:25Z INFO RSAFileKeyManager] Loading RSA key parameters from file /home/ayamatani/aesd-assignments/actions-runner/.credentials_rsaparams
[2025-01-06 08:29:25Z INFO RSAFileKeyManager] Loading RSA key parameters from file /home/ayamatani/aesd-assignments/actions-runner/.credentials_rsaparams
[2025-01-06 08:29:26Z INFO GitHubActionsService] AAD Correlation ID for this token request: Unknown
[2025-01-06 08:29:27Z INFO JobDispatcher] Job request 1 for plan 7d887d14-638a-44dc-b443-f41cbc9e86a1 job 0e10f8dd-85b5-5bee-19c6-47fc7db6f171 received.
[2025-01-06 08:29:27Z INFO JobDispatcher] Pull OrchestrationId 7d887d14-638a-44dc-b443-f41cbc9e86a1.unit-test.__default from JWT claims
[2025-01-06 08:29:27Z INFO MessageListener] Received job status event. JobState: Busy
[2025-01-06 08:29:27Z INFO MessageListener] _getMessagesTokenSource is already disposed.
[2025-01-06 08:29:27Z INFO Terminal] WRITE LINE: 2025-01-06 08:29:27Z: Running job: unit-test
[2025-01-06 08:29:27Z INFO JobDispatcher] Start renew job request 1 for job 0e10f8dd-85b5-5bee-19c6-47fc7db6f171.
[2025-01-06 08:29:28Z INFO JobDispatcher] Successfully renew job request 1, job is valid till 1/6/2025 8:39:27 AM
[2025-01-06 08:29:28Z INFO HostContext] Well known directory 'Bin': '/home/ayamatani/aesd-assignments/actions-runner/bin'
[2025-01-06 08:29:28Z INFO ProcessInvokerWrapper] Starting process:
[2025-01-06 08:29:28Z INFO ProcessInvokerWrapper]   File name: '/home/ayamatani/aesd-assignments/actions-runner/bin/Runner.Worker'
[2025-01-06 08:29:28Z INFO ProcessInvokerWrapper]   Arguments: 'spawnclient 149 152'
[2025-01-06 08:29:28Z INFO ProcessInvokerWrapper]   Working directory: '/home/ayamatani/aesd-assignments/actions-runner/bin'
[2025-01-06 08:29:28Z INFO ProcessInvokerWrapper]   Require exit code zero: 'False'
[2025-01-06 08:29:28Z INFO ProcessInvokerWrapper]   Encoding web name:  ; code page: ''
[2025-01-06 08:29:28Z INFO ProcessInvokerWrapper]   Force kill process on cancellation: 'True'
[2025-01-06 08:29:28Z INFO ProcessInvokerWrapper]   Redirected STDIN: 'False'
[2025-01-06 08:29:28Z INFO ProcessInvokerWrapper]   Persist current code page: 'False'
[2025-01-06 08:29:28Z INFO ProcessInvokerWrapper]   Keep redirected STDIN open: 'False'
[2025-01-06 08:29:28Z INFO ProcessInvokerWrapper]   High priority process: 'True'
[2025-01-06 08:29:28Z INFO ProcessInvokerWrapper] Process started with process id 17713, waiting for process exit.
[2025-01-06 08:29:28Z INFO JobDispatcher] Send job request message to worker for job 0e10f8dd-85b5-5bee-19c6-47fc7db6f171.
[2025-01-06 08:29:28Z INFO ProcessChannel] Sending message of length 39634, with hash '332389d3213da92aff10c44a69a3298874de0c8dd1e9454f422d2d8592e15c43'
[2025-01-06 08:29:28Z INFO JobNotification] Entering JobStarted Notification
[2025-01-06 08:29:28Z INFO JobNotification] Entering StartMonitor
[2025-01-06 08:30:29Z INFO JobDispatcher] Successfully renew job request 1, job is valid till 1/6/2025 8:40:28 AM
[2025-01-06 08:31:29Z INFO JobDispatcher] Successfully renew job request 1, job is valid till 1/6/2025 8:41:29 AM
[2025-01-06 08:31:40Z INFO ProcessInvokerWrapper] STDOUT/STDERR stream read finished.
[2025-01-06 08:31:40Z INFO ProcessInvokerWrapper] STDOUT/STDERR stream read finished.
[2025-01-06 08:31:40Z INFO ProcessInvokerWrapper] Finished process 17713 with exit code 100, and elapsed time 00:02:11.8432931.
[2025-01-06 08:31:40Z INFO JobDispatcher] Worker finished for job 0e10f8dd-85b5-5bee-19c6-47fc7db6f171. Code: 100
[2025-01-06 08:31:40Z INFO JobDispatcher] finish job request for job 0e10f8dd-85b5-5bee-19c6-47fc7db6f171 with result: Succeeded
[2025-01-06 08:31:40Z INFO Terminal] WRITE LINE: 2025-01-06 08:31:40Z: Job unit-test completed with result: Succeeded
[2025-01-06 08:31:40Z INFO JobDispatcher] Stop renew job request for job 0e10f8dd-85b5-5bee-19c6-47fc7db6f171.
[2025-01-06 08:31:40Z INFO JobDispatcher] job renew has been cancelled, stop renew job request 1.
[2025-01-06 08:31:40Z INFO JobNotification] Entering JobCompleted Notification
[2025-01-06 08:31:40Z INFO JobNotification] Entering EndMonitor
[2025-01-06 08:31:40Z INFO MessageListener] Received job status event. JobState: Online
[2025-01-06 08:31:40Z INFO MessageListener] Message '7649155775573011920' received from session '3bab476a-6984-4d38-a4a9-50739fd01cd9'.
[2025-01-06 08:31:40Z INFO ConfigurationStore] HasCredentials()
[2025-01-06 08:31:40Z INFO ConfigurationStore] stored True
[2025-01-06 08:31:40Z INFO CredentialManager] GetCredentialProvider
[2025-01-06 08:31:40Z INFO CredentialManager] Creating type OAuth
[2025-01-06 08:31:40Z INFO CredentialManager] Creating credential type: OAuth
[2025-01-06 08:31:40Z INFO RSAFileKeyManager] Loading RSA key parameters from file /home/ayamatani/aesd-assignments/actions-runner/.credentials_rsaparams
[2025-01-06 08:31:40Z INFO ActionsRunServer] EstablishVssConnection
[2025-01-06 08:31:40Z INFO ActionsRunServer] Establish connection with 100 seconds timeout.
[2025-01-06 08:31:40Z INFO GitHubActionsService] Starting operation Location.GetConnectionData
[2025-01-06 08:31:41Z INFO GitHubActionsService] Finished operation Location.GetConnectionData
[2025-01-06 08:31:42Z INFO RSAFileKeyManager] Loading RSA key parameters from file /home/ayamatani/aesd-assignments/actions-runner/.credentials_rsaparams
[2025-01-06 08:31:42Z INFO RSAFileKeyManager] Loading RSA key parameters from file /home/ayamatani/aesd-assignments/actions-runner/.credentials_rsaparams
[2025-01-06 08:31:42Z INFO GitHubActionsService] AAD Correlation ID for this token request: Unknown
[2025-01-06 08:31:43Z INFO JobDispatcher] Job request 2 for plan 7d887d14-638a-44dc-b443-f41cbc9e86a1 job a047640a-23da-5e9b-1ef8-917a09b3753a received.
[2025-01-06 08:31:43Z INFO JobDispatcher] Pull OrchestrationId 7d887d14-638a-44dc-b443-f41cbc9e86a1.full-test.__default from JWT claims
[2025-01-06 08:31:43Z INFO MessageListener] Received job status event. JobState: Busy
[2025-01-06 08:31:43Z INFO MessageListener] _getMessagesTokenSource is already disposed.
[2025-01-06 08:31:43Z INFO JobDispatcher] Job request 0e10f8dd-85b5-5bee-19c6-47fc7db6f171 processed succeed.
[2025-01-06 08:31:43Z INFO Terminal] WRITE LINE: 2025-01-06 08:31:43Z: Running job: full-test
[2025-01-06 08:31:43Z INFO JobDispatcher] Start renew job request 2 for job a047640a-23da-5e9b-1ef8-917a09b3753a.
[2025-01-06 08:31:43Z INFO JobDispatcher] Successfully renew job request 2, job is valid till 1/6/2025 8:41:43 AM
[2025-01-06 08:31:43Z INFO HostContext] Well known directory 'Bin': '/home/ayamatani/aesd-assignments/actions-runner/bin'
[2025-01-06 08:31:43Z INFO ProcessInvokerWrapper] Starting process:
[2025-01-06 08:31:43Z INFO ProcessInvokerWrapper]   File name: '/home/ayamatani/aesd-assignments/actions-runner/bin/Runner.Worker'
[2025-01-06 08:31:43Z INFO ProcessInvokerWrapper]   Arguments: 'spawnclient 149 152'
[2025-01-06 08:31:43Z INFO ProcessInvokerWrapper]   Working directory: '/home/ayamatani/aesd-assignments/actions-runner/bin'
[2025-01-06 08:31:43Z INFO ProcessInvokerWrapper]   Require exit code zero: 'False'
[2025-01-06 08:31:43Z INFO ProcessInvokerWrapper]   Encoding web name:  ; code page: ''
[2025-01-06 08:31:43Z INFO ProcessInvokerWrapper]   Force kill process on cancellation: 'True'
[2025-01-06 08:31:43Z INFO ProcessInvokerWrapper]   Redirected STDIN: 'False'
[2025-01-06 08:31:43Z INFO ProcessInvokerWrapper]   Persist current code page: 'False'
[2025-01-06 08:31:43Z INFO ProcessInvokerWrapper]   Keep redirected STDIN open: 'False'
[2025-01-06 08:31:43Z INFO ProcessInvokerWrapper]   High priority process: 'True'
[2025-01-06 08:31:43Z INFO ProcessInvokerWrapper] Process started with process id 18662, waiting for process exit.
[2025-01-06 08:31:43Z INFO JobDispatcher] Send job request message to worker for job a047640a-23da-5e9b-1ef8-917a09b3753a.
[2025-01-06 08:31:43Z INFO ProcessChannel] Sending message of length 39636, with hash '265f40b195ab8d362ebf1ec7f43a82d4caf99e25c2cb95c5de8eba42203f6e8b'
[2025-01-06 08:31:43Z INFO JobNotification] Entering JobStarted Notification
[2025-01-06 08:31:43Z INFO JobNotification] Entering StartMonitor
[2025-01-06 08:32:01Z INFO ProcessInvokerWrapper] STDOUT/STDERR stream read finished.
[2025-01-06 08:32:01Z INFO ProcessInvokerWrapper] STDOUT/STDERR stream read finished.
[2025-01-06 08:32:01Z INFO ProcessInvokerWrapper] Finished process 18662 with exit code 100, and elapsed time 00:00:18.1511156.
[2025-01-06 08:32:01Z INFO JobDispatcher] Worker finished for job a047640a-23da-5e9b-1ef8-917a09b3753a. Code: 100
[2025-01-06 08:32:01Z INFO JobDispatcher] finish job request for job a047640a-23da-5e9b-1ef8-917a09b3753a with result: Succeeded
[2025-01-06 08:32:01Z INFO Terminal] WRITE LINE: 2025-01-06 08:32:01Z: Job full-test completed with result: Succeeded
[2025-01-06 08:32:01Z INFO JobDispatcher] Stop renew job request for job a047640a-23da-5e9b-1ef8-917a09b3753a.
[2025-01-06 08:32:01Z INFO JobDispatcher] job renew has been cancelled, stop renew job request 2.
[2025-01-06 08:32:01Z INFO JobNotification] Entering JobCompleted Notification
[2025-01-06 08:32:01Z INFO JobNotification] Entering EndMonitor
[2025-01-06 08:32:01Z INFO MessageListener] Received job status event. JobState: Online
[2025-01-06 08:32:17Z INFO Terminal] WRITE LINE: Exiting...
[2025-01-06 08:32:17Z INFO ConfigurationStore] IsServiceConfigured()
[2025-01-06 08:32:17Z INFO ConfigurationStore] IsServiceConfigured: False
[2025-01-06 08:32:17Z INFO HostContext] Runner will be shutdown for UserCancelled
[2025-01-06 08:32:17Z WARN GitHubActionsService] GET request to https://broker.actions.githubusercontent.com/message?sessionId=3bab476a-6984-4d38-a4a9-50739fd01cd9&status=Busy&runnerVersion=2.321.0&os=Linux&architecture=X64&disableUpdate=false has been cancelled.
[2025-01-06 08:32:17Z ERR  BrokerServer] Catch exception during request
[2025-01-06 08:32:17Z ERR  BrokerServer] System.Threading.Tasks.TaskCanceledException: The operation was canceled.
 ---> System.Threading.Tasks.TaskCanceledException: The operation was canceled.
 ---> System.IO.IOException: Unable to read data from the transport connection: Operation canceled.
 ---> System.Net.Sockets.SocketException (125): Operation canceled
   --- End of inner exception stack trace ---
   at System.Net.Sockets.Socket.AwaitableSocketAsyncEventArgs.ThrowException(SocketError error, CancellationToken cancellationToken)
   at System.Net.Sockets.Socket.AwaitableSocketAsyncEventArgs.System.Threading.Tasks.Sources.IValueTaskSource<System.Int32>.GetResult(Int16 token)
   at System.Net.Security.SslStream.EnsureFullTlsFrameAsync[TIOAdapter](CancellationToken cancellationToken, Int32 estimatedSize)
   at System.Runtime.CompilerServices.PoolingAsyncValueTaskMethodBuilder`1.StateMachineBox`1.System.Threading.Tasks.Sources.IValueTaskSource<TResult>.GetResult(Int16 token)
   at System.Net.Security.SslStream.ReadAsyncInternal[TIOAdapter](Memory`1 buffer, CancellationToken cancellationToken)
   at System.Runtime.CompilerServices.PoolingAsyncValueTaskMethodBuilder`1.StateMachineBox`1.System.Threading.Tasks.Sources.IValueTaskSource<TResult>.GetResult(Int16 token)
   at System.Net.Http.HttpConnection.SendAsync(HttpRequestMessage request, Boolean async, CancellationToken cancellationToken)
   --- End of inner exception stack trace ---
   at System.Net.Http.HttpConnection.SendAsync(HttpRequestMessage request, Boolean async, CancellationToken cancellationToken)
   at System.Net.Http.AuthenticationHelper.SendWithNtAuthAsync(HttpRequestMessage request, Uri authUri, Boolean async, ICredentials credentials, Boolean isProxyAuth, HttpConnection connection, HttpConnectionPool connectionPool, CancellationToken cancellationToken)
   at System.Net.Http.HttpConnectionPool.SendWithVersionDetectionAndRetryAsync(HttpRequestMessage request, Boolean async, Boolean doRequestAuth, CancellationToken cancellationToken)
   at System.Net.Http.AuthenticationHelper.SendWithAuthAsync(HttpRequestMessage request, Uri authUri, Boolean async, ICredentials credentials, Boolean preAuthenticate, Boolean isProxyAuth, Boolean doRequestAuth, HttpConnectionPool pool, CancellationToken cancellationToken)
   at System.Net.Http.RedirectHandler.SendAsync(HttpRequestMessage request, Boolean async, CancellationToken cancellationToken)
   at GitHub.Services.Common.RawHttpMessageHandler.SendAsync(HttpRequestMessage request, CancellationToken cancellationToken)
   at GitHub.Services.Common.VssHttpRetryMessageHandler.SendAsync(HttpRequestMessage request, CancellationToken cancellationToken)
   at System.Net.Http.HttpClient.<SendAsync>g__Core|83_0(HttpRequestMessage request, HttpCompletionOption completionOption, CancellationTokenSource cts, Boolean disposeCts, CancellationTokenSource pendingRequestsCts, CancellationToken originalCancellationToken)
   --- End of inner exception stack trace ---
   at System.Net.Http.HttpClient.HandleFailure(Exception e, Boolean telemetryStarted, HttpResponseMessage response, CancellationTokenSource cts, CancellationToken cancellationToken, CancellationTokenSource pendingRequestsCts)
   at System.Net.Http.HttpClient.<SendAsync>g__Core|83_0(HttpRequestMessage request, HttpCompletionOption completionOption, CancellationTokenSource cts, Boolean disposeCts, CancellationTokenSource pendingRequestsCts, CancellationToken originalCancellationToken)
   at Sdk.WebApi.WebApi.RawHttpClientBase.SendAsync(HttpRequestMessage message, HttpCompletionOption completionOption, Object userState, CancellationToken cancellationToken)
   at Sdk.WebApi.WebApi.RawHttpClientBase.SendAsync[T](HttpRequestMessage message, Boolean readErrorBody, Object userState, CancellationToken cancellationToken)
   at Sdk.WebApi.WebApi.RawHttpClientBase.SendAsync[T](HttpMethod method, IEnumerable`1 additionalHeaders, Uri requestUri, HttpContent content, IEnumerable`1 queryParameters, Boolean readErrorBody, Object userState, CancellationToken cancellationToken)
   at GitHub.Actions.RunService.WebApi.BrokerHttpClient.GetRunnerMessageAsync(Nullable`1 sessionId, String runnerVersion, Nullable`1 status, String os, String architecture, Nullable`1 disableUpdate, CancellationToken cancellationToken)
   at GitHub.Runner.Common.BrokerServer.<>c__DisplayClass7_0.<<GetRunnerMessageAsync>b__0>d.MoveNext()
--- End of stack trace from previous location ---
   at GitHub.Runner.Common.RunnerService.RetryRequest[T](Func`1 func, CancellationToken cancellationToken, Int32 maxRetryAttemptsCount, Func`2 shouldRetry)
[2025-01-06 08:32:17Z ERR  BrokerServer] #####################################################
[2025-01-06 08:32:17Z ERR  BrokerServer] System.Threading.Tasks.TaskCanceledException: The operation was canceled.
 ---> System.IO.IOException: Unable to read data from the transport connection: Operation canceled.
 ---> System.Net.Sockets.SocketException (125): Operation canceled
   --- End of inner exception stack trace ---
   at System.Net.Sockets.Socket.AwaitableSocketAsyncEventArgs.ThrowException(SocketError error, CancellationToken cancellationToken)
   at System.Net.Sockets.Socket.AwaitableSocketAsyncEventArgs.System.Threading.Tasks.Sources.IValueTaskSource<System.Int32>.GetResult(Int16 token)
   at System.Net.Security.SslStream.EnsureFullTlsFrameAsync[TIOAdapter](CancellationToken cancellationToken, Int32 estimatedSize)
   at System.Runtime.CompilerServices.PoolingAsyncValueTaskMethodBuilder`1.StateMachineBox`1.System.Threading.Tasks.Sources.IValueTaskSource<TResult>.GetResult(Int16 token)
   at System.Net.Security.SslStream.ReadAsyncInternal[TIOAdapter](Memory`1 buffer, CancellationToken cancellationToken)
   at System.Runtime.CompilerServices.PoolingAsyncValueTaskMethodBuilder`1.StateMachineBox`1.System.Threading.Tasks.Sources.IValueTaskSource<TResult>.GetResult(Int16 token)
   at System.Net.Http.HttpConnection.SendAsync(HttpRequestMessage request, Boolean async, CancellationToken cancellationToken)
   --- End of inner exception stack trace ---
   at System.Net.Http.HttpConnection.SendAsync(HttpRequestMessage request, Boolean async, CancellationToken cancellationToken)
   at System.Net.Http.AuthenticationHelper.SendWithNtAuthAsync(HttpRequestMessage request, Uri authUri, Boolean async, ICredentials credentials, Boolean isProxyAuth, HttpConnection connection, HttpConnectionPool connectionPool, CancellationToken cancellationToken)
   at System.Net.Http.HttpConnectionPool.SendWithVersionDetectionAndRetryAsync(HttpRequestMessage request, Boolean async, Boolean doRequestAuth, CancellationToken cancellationToken)
   at System.Net.Http.AuthenticationHelper.SendWithAuthAsync(HttpRequestMessage request, Uri authUri, Boolean async, ICredentials credentials, Boolean preAuthenticate, Boolean isProxyAuth, Boolean doRequestAuth, HttpConnectionPool pool, CancellationToken cancellationToken)
   at System.Net.Http.RedirectHandler.SendAsync(HttpRequestMessage request, Boolean async, CancellationToken cancellationToken)
   at GitHub.Services.Common.RawHttpMessageHandler.SendAsync(HttpRequestMessage request, CancellationToken cancellationToken)
   at GitHub.Services.Common.VssHttpRetryMessageHandler.SendAsync(HttpRequestMessage request, CancellationToken cancellationToken)
   at System.Net.Http.HttpClient.<SendAsync>g__Core|83_0(HttpRequestMessage request, HttpCompletionOption completionOption, CancellationTokenSource cts, Boolean disposeCts, CancellationTokenSource pendingRequestsCts, CancellationToken originalCancellationToken)
[2025-01-06 08:32:17Z ERR  BrokerServer] #####################################################
[2025-01-06 08:32:17Z ERR  BrokerServer] System.IO.IOException: Unable to read data from the transport connection: Operation canceled.
 ---> System.Net.Sockets.SocketException (125): Operation canceled
   --- End of inner exception stack trace ---
   at System.Net.Sockets.Socket.AwaitableSocketAsyncEventArgs.ThrowException(SocketError error, CancellationToken cancellationToken)
   at System.Net.Sockets.Socket.AwaitableSocketAsyncEventArgs.System.Threading.Tasks.Sources.IValueTaskSource<System.Int32>.GetResult(Int16 token)
   at System.Net.Security.SslStream.EnsureFullTlsFrameAsync[TIOAdapter](CancellationToken cancellationToken, Int32 estimatedSize)
   at System.Runtime.CompilerServices.PoolingAsyncValueTaskMethodBuilder`1.StateMachineBox`1.System.Threading.Tasks.Sources.IValueTaskSource<TResult>.GetResult(Int16 token)
   at System.Net.Security.SslStream.ReadAsyncInternal[TIOAdapter](Memory`1 buffer, CancellationToken cancellationToken)
   at System.Runtime.CompilerServices.PoolingAsyncValueTaskMethodBuilder`1.StateMachineBox`1.System.Threading.Tasks.Sources.IValueTaskSource<TResult>.GetResult(Int16 token)
   at System.Net.Http.HttpConnection.SendAsync(HttpRequestMessage request, Boolean async, CancellationToken cancellationToken)
[2025-01-06 08:32:17Z ERR  BrokerServer] #####################################################
[2025-01-06 08:32:17Z ERR  BrokerServer] System.Net.Sockets.SocketException (125): Operation canceled
[2025-01-06 08:32:17Z WARN BrokerServer] Back off 8.733 seconds before next retry. 4 attempt left.
[2025-01-06 08:32:17Z INFO MessageListener] Get next message has been cancelled.
[2025-01-06 08:32:17Z INFO JobDispatcher] Shutting down JobDispatcher. Make sure all WorkerDispatcher has finished.
[2025-01-06 08:32:17Z INFO JobDispatcher] Ensure WorkerDispatcher for job a047640a-23da-5e9b-1ef8-917a09b3753a run to finish, cancel any running job.
[2025-01-06 08:32:17Z INFO JobDispatcher] Job request a047640a-23da-5e9b-1ef8-917a09b3753a processed succeed.
[2025-01-06 08:32:17Z INFO Runner] Deleting Runner Session...
[2025-01-06 08:32:17Z INFO Listener] Runner execution been cancelled.
